time="2025-04-22 15:45:31" level=info msg="🔥 Starting kube-burner (1.15.1@93feb51810e04cb13c0a23b30912bbfc27e60344) with UUID d7304eb2-5f50-4761-892b-d5033d1fb428" file="job.go:84"
time="2025-04-22 15:45:31" level=info msg="📈 Registered measurement: podLatency" file="factory.go:106"
time="2025-04-22 15:45:31" level=info msg="QPS: 2" file="job.go:330"
time="2025-04-22 15:45:31" level=info msg="Burst: 2" file="job.go:331"
time="2025-04-22 15:45:31" level=info msg="Job kubelet-density: 10 iterations with 1 Pod replicas" file="create.go:78"
time="2025-04-22 15:45:31" level=info msg="Creating Pod latency watcher for kubelet-density" file="pod_latency.go:163"
time="2025-04-22 15:45:31" level=info msg="Triggering job: kubelet-density" file="job.go:106"
time="2025-04-22 15:45:31" level=info msg="1/10 iterations completed" file="create.go:117"
time="2025-04-22 15:45:32" level=info msg="2/10 iterations completed" file="create.go:117"
time="2025-04-22 15:45:32" level=info msg="3/10 iterations completed" file="create.go:117"
time="2025-04-22 15:45:33" level=info msg="4/10 iterations completed" file="create.go:117"
time="2025-04-22 15:45:33" level=info msg="5/10 iterations completed" file="create.go:117"
time="2025-04-22 15:45:34" level=info msg="6/10 iterations completed" file="create.go:117"
time="2025-04-22 15:45:34" level=info msg="7/10 iterations completed" file="create.go:117"
time="2025-04-22 15:45:35" level=info msg="8/10 iterations completed" file="create.go:117"
time="2025-04-22 15:45:35" level=info msg="9/10 iterations completed" file="create.go:117"
time="2025-04-22 15:45:36" level=info msg="Waiting up to 4h0m0s for actions to be completed" file="create.go:167"
time="2025-04-22 15:45:38" level=info msg="Actions in namespace kube-burner completed" file="waiters.go:68"
time="2025-04-22 15:45:38" level=info msg="Verifying created objects" file="utils.go:119"
time="2025-04-22 15:45:38" level=info msg="Job kubelet-density took 7s" file="job.go:166"
time="2025-04-22 15:45:38" level=info msg="Stopping measurement: podLatency" file="factory.go:147"
time="2025-04-22 15:45:38" level=info msg="kubelet-density: PodScheduled 99th: 0 max: 0 avg: 0" file="pod_latency.go:252"
time="2025-04-22 15:45:38" level=info msg="kubelet-density: ContainersReady 99th: 1500 max: 2000 avg: 1100" file="pod_latency.go:252"
time="2025-04-22 15:45:38" level=info msg="kubelet-density: Initialized 99th: 0 max: 0 avg: 0" file="pod_latency.go:252"
time="2025-04-22 15:45:38" level=info msg="kubelet-density: Ready 99th: 1500 max: 2000 avg: 1100" file="pod_latency.go:252"
time="2025-04-22 15:45:38" level=info msg="kubelet-density: PodReadyToStartContainers 99th: 0 max: 0 avg: 0" file="pod_latency.go:252"
time="2025-04-22 15:45:38" level=info msg="Finished execution with UUID: d7304eb2-5f50-4761-892b-d5033d1fb428" file="job.go:230"
time="2025-04-22 15:45:38" level=info msg="Garbage collecting jobs" file="job.go:255"
time="2025-04-22 15:45:38" level=info msg="Deleting 1 namespaces with label: kube-burner-job=kubelet-density" file="namespaces.go:67"
time="2025-04-22 15:45:49" level=info msg="👋 Exiting kube-burner d7304eb2-5f50-4761-892b-d5033d1fb428" file="kube-burner.go:89"
