time="2025-04-22 14:49:27" level=info msg="🔥 Starting kube-burner (1.15.1@93feb51810e04cb13c0a23b30912bbfc27e60344) with UUID dea7b3cd-2b77-4200-b0ee-4945db7cc1af" file="job.go:84"
time="2025-04-22 14:49:27" level=info msg="📈 Registered measurement: podLatency" file="factory.go:106"
time="2025-04-22 14:49:27" level=info msg="QPS: 2" file="job.go:330"
time="2025-04-22 14:49:27" level=info msg="Burst: 2" file="job.go:331"
time="2025-04-22 14:49:27" level=info msg="Job kubelet-density: 25 iterations with 1 Pod replicas" file="create.go:78"
time="2025-04-22 14:49:27" level=info msg="Creating Pod latency watcher for kubelet-density" file="pod_latency.go:163"
time="2025-04-22 14:49:27" level=info msg="Triggering job: kubelet-density" file="job.go:106"
time="2025-04-22 14:49:28" level=info msg="2/25 iterations completed" file="create.go:117"
time="2025-04-22 14:49:29" level=info msg="4/25 iterations completed" file="create.go:117"
time="2025-04-22 14:49:30" level=info msg="6/25 iterations completed" file="create.go:117"
time="2025-04-22 14:49:31" level=info msg="8/25 iterations completed" file="create.go:117"
time="2025-04-22 14:49:32" level=info msg="10/25 iterations completed" file="create.go:117"
time="2025-04-22 14:49:33" level=info msg="12/25 iterations completed" file="create.go:117"
time="2025-04-22 14:49:34" level=info msg="14/25 iterations completed" file="create.go:117"
time="2025-04-22 14:49:35" level=info msg="16/25 iterations completed" file="create.go:117"
time="2025-04-22 14:49:36" level=info msg="18/25 iterations completed" file="create.go:117"
time="2025-04-22 14:49:37" level=info msg="20/25 iterations completed" file="create.go:117"
time="2025-04-22 14:49:38" level=info msg="22/25 iterations completed" file="create.go:117"
time="2025-04-22 14:49:39" level=info msg="24/25 iterations completed" file="create.go:117"
time="2025-04-22 14:49:39" level=info msg="Waiting up to 4h0m0s for actions to be completed" file="create.go:167"
time="2025-04-22 14:49:40" level=info msg="Actions in namespace kube-burner completed" file="waiters.go:68"
time="2025-04-22 14:49:40" level=info msg="Verifying created objects" file="utils.go:119"
time="2025-04-22 14:49:40" level=info msg="Job kubelet-density took 13s" file="job.go:166"
time="2025-04-22 14:49:40" level=info msg="Stopping measurement: podLatency" file="factory.go:147"
time="2025-04-22 14:49:40" level=info msg="kubelet-density: PodScheduled 99th: 0 max: 0 avg: 0" file="pod_latency.go:252"
time="2025-04-22 14:49:40" level=info msg="kubelet-density: ContainersReady 99th: 2000 max: 2000 avg: 1160" file="pod_latency.go:252"
time="2025-04-22 14:49:40" level=info msg="kubelet-density: Initialized 99th: 0 max: 0 avg: 0" file="pod_latency.go:252"
time="2025-04-22 14:49:40" level=info msg="kubelet-density: Ready 99th: 2000 max: 2000 avg: 1160" file="pod_latency.go:252"
time="2025-04-22 14:49:40" level=info msg="kubelet-density: PodReadyToStartContainers 99th: 0 max: 0 avg: 0" file="pod_latency.go:252"
time="2025-04-22 14:49:40" level=info msg="Finished execution with UUID: dea7b3cd-2b77-4200-b0ee-4945db7cc1af" file="job.go:230"
time="2025-04-22 14:49:40" level=info msg="Garbage collecting jobs" file="job.go:255"
time="2025-04-22 14:49:40" level=info msg="Deleting 1 namespaces with label: kube-burner-job=kubelet-density" file="namespaces.go:67"
time="2025-04-22 14:49:53" level=info msg="👋 Exiting kube-burner dea7b3cd-2b77-4200-b0ee-4945db7cc1af" file="kube-burner.go:89"
