time="2025-04-22 15:04:55" level=info msg="🔥 Starting kube-burner (1.15.1@93feb51810e04cb13c0a23b30912bbfc27e60344) with UUID 56cb6d91-26f5-418c-839d-359b6936303d" file="job.go:84"
time="2025-04-22 15:04:55" level=info msg="📈 Registered measurement: podLatency" file="factory.go:106"
time="2025-04-22 15:04:55" level=info msg="QPS: 2" file="job.go:330"
time="2025-04-22 15:04:55" level=info msg="Burst: 2" file="job.go:331"
time="2025-04-22 15:04:55" level=info msg="Job kubelet-density: 10 iterations with 1 Pod replicas" file="create.go:78"
time="2025-04-22 15:04:55" level=info msg="Creating Pod latency watcher for kubelet-density" file="pod_latency.go:163"
time="2025-04-22 15:04:55" level=info msg="Triggering job: kubelet-density" file="job.go:106"
time="2025-04-22 15:04:55" level=info msg="1/10 iterations completed" file="create.go:117"
time="2025-04-22 15:04:56" level=info msg="2/10 iterations completed" file="create.go:117"
time="2025-04-22 15:04:56" level=info msg="3/10 iterations completed" file="create.go:117"
time="2025-04-22 15:04:57" level=info msg="4/10 iterations completed" file="create.go:117"
time="2025-04-22 15:04:57" level=info msg="5/10 iterations completed" file="create.go:117"
time="2025-04-22 15:04:58" level=info msg="6/10 iterations completed" file="create.go:117"
time="2025-04-22 15:04:58" level=info msg="7/10 iterations completed" file="create.go:117"
time="2025-04-22 15:04:59" level=info msg="8/10 iterations completed" file="create.go:117"
time="2025-04-22 15:04:59" level=info msg="9/10 iterations completed" file="create.go:117"
time="2025-04-22 15:05:00" level=info msg="Waiting up to 4h0m0s for actions to be completed" file="create.go:167"
time="2025-04-22 15:05:02" level=info msg="Actions in namespace kube-burner completed" file="waiters.go:68"
time="2025-04-22 15:05:02" level=info msg="Verifying created objects" file="utils.go:119"
time="2025-04-22 15:05:02" level=info msg="Job kubelet-density took 7s" file="job.go:166"
time="2025-04-22 15:05:02" level=info msg="Stopping measurement: podLatency" file="factory.go:147"
time="2025-04-22 15:05:02" level=info msg="kubelet-density: Ready 99th: 2000 max: 2000 avg: 1200" file="pod_latency.go:252"
time="2025-04-22 15:05:02" level=info msg="kubelet-density: PodReadyToStartContainers 99th: 0 max: 0 avg: 0" file="pod_latency.go:252"
time="2025-04-22 15:05:02" level=info msg="kubelet-density: PodScheduled 99th: 0 max: 0 avg: 0" file="pod_latency.go:252"
time="2025-04-22 15:05:02" level=info msg="kubelet-density: ContainersReady 99th: 2000 max: 2000 avg: 1200" file="pod_latency.go:252"
time="2025-04-22 15:05:02" level=info msg="kubelet-density: Initialized 99th: 0 max: 0 avg: 0" file="pod_latency.go:252"
time="2025-04-22 15:05:02" level=info msg="Finished execution with UUID: 56cb6d91-26f5-418c-839d-359b6936303d" file="job.go:230"
time="2025-04-22 15:05:02" level=info msg="Garbage collecting jobs" file="job.go:255"
time="2025-04-22 15:05:02" level=info msg="Deleting 1 namespaces with label: kube-burner-job=kubelet-density" file="namespaces.go:67"
time="2025-04-22 15:05:13" level=info msg="👋 Exiting kube-burner 56cb6d91-26f5-418c-839d-359b6936303d" file="kube-burner.go:89"
